#
# There is insufficient memory for the Java Runtime Environment to continue.
# Native memory allocation (malloc) failed to allocate 984656 bytes for Chunk::new
# Possible reasons:
#   The system is out of physical RAM or swap space
#   In 32 bit mode, the process size limit was hit
# Possible solutions:
#   Reduce memory load on the system
#   Increase physical memory or swap space
#   Check if swap backing store is full
#   Use 64 bit Java on a 64 bit OS
#   Decrease Java heap size (-Xmx/-Xms)
#   Decrease number of Java threads
#   Decrease Java thread stack sizes (-Xss)
#   Set larger code cache with -XX:ReservedCodeCacheSize=
# This output file may be truncated or incomplete.
#
#  Out of Memory Error (allocation.cpp:390), pid=9440, tid=1104
#
# JRE version: Java(TM) SE Runtime Environment (8.0_31-b13) (build 1.8.0_31-b13)
# Java VM: Java HotSpot(TM) 64-Bit Server VM (25.31-b07 mixed mode windows-amd64 compressed oops)
# Failed to write core dump. Minidumps are not enabled by default on client versions of Windows
#

---------------  T H R E A D  ---------------

Current thread (0x000000001a088800):  JavaThread "C2 CompilerThread2" daemon [_thread_in_native, id=1104, stack(0x000000001a7f0000,0x000000001a8f0000)]

Stack: [0x000000001a7f0000,0x000000001a8f0000]
Native frames: (J=compiled Java code, j=interpreted, Vv=VM code, C=native code)
V  [jvm.dll+0x3169ba]


Current CompileTask:
C2:   4660 3756   !   4       java.util.jar.Attributes::read (410 bytes)


---------------  P R O C E S S  ---------------

Java Threads: ( => current thread )
  0x000000001c2d2800 JavaThread "Memory manager" [_thread_blocked, id=6252, stack(0x00000000234f0000,0x00000000235f0000)]
  0x000000001c2d5800 JavaThread "pool-1-thread-1" [_thread_blocked, id=12852, stack(0x00000000231f0000,0x00000000232f0000)]
  0x000000001c2d9000 JavaThread "build operations Thread 8" [_thread_blocked, id=6644, stack(0x0000000021d20000,0x0000000021e20000)]
  0x000000001c2d1800 JavaThread "build operations Thread 7" [_thread_blocked, id=28720, stack(0x0000000021c20000,0x0000000021d20000)]
  0x000000001c140800 JavaThread "build operations Thread 6" [_thread_blocked, id=26952, stack(0x0000000021b20000,0x0000000021c20000)]
  0x000000001c13f800 JavaThread "build operations Thread 5" [_thread_blocked, id=29360, stack(0x0000000021a20000,0x0000000021b20000)]
  0x000000001c141000 JavaThread "build operations Thread 4" [_thread_blocked, id=5056, stack(0x0000000021920000,0x0000000021a20000)]
  0x000000001c13e000 JavaThread "build operations Thread 3" [_thread_blocked, id=31948, stack(0x0000000021820000,0x0000000021920000)]
  0x000000001c13d800 JavaThread "build operations Thread 2" [_thread_blocked, id=20392, stack(0x00000000214c0000,0x00000000215c0000)]
  0x000000001c142000 JavaThread "build operations" [_thread_blocked, id=216, stack(0x00000000210d0000,0x00000000211d0000)]
  0x000000001c13c800 JavaThread "Cache worker for Artifact transforms cache (C:\Users\Administrator\.gradle\caches\transforms-1)" [_thread_blocked, id=8264, stack(0x0000000020ce0000,0x0000000020de0000)]
  0x000000001c13b000 JavaThread "Cache worker for file hash cache (D:\Android_WorkSpace\Demo1\.gradle\4.4\fileHashes)" [_thread_blocked, id=15432, stack(0x000000001e640000,0x000000001e740000)]
  0x000000001c13f000 JavaThread "File lock request listener" [_thread_in_native, id=19396, stack(0x000000001d370000,0x000000001d470000)]
  0x000000001bc76800 JavaThread "Cache worker for file hash cache (C:\Users\Administrator\.gradle\caches\4.4\fileHashes)" [_thread_blocked, id=7464, stack(0x000000001d270000,0x000000001d370000)]
  0x000000001bbba800 JavaThread "Stdin handler" [_thread_blocked, id=21060, stack(0x000000001d170000,0x000000001d270000)]
  0x000000001bb54800 JavaThread "Asynchronous log dispatcher for DefaultDaemonConnection: socket connection from /127.0.0.1:59579 to /127.0.0.1:59580" [_thread_blocked, id=26544, stack(0x000000001cf70000,0x000000001d070000)]
  0x000000001bc81000 JavaThread "Daemon worker" [_thread_in_native, id=5252, stack(0x000000001ce70000,0x000000001cf70000)]
  0x000000001bba3800 JavaThread "Cancel handler" [_thread_blocked, id=10052, stack(0x000000001cd70000,0x000000001ce70000)]
  0x000000001bb46000 JavaThread "Handler for socket connection from /127.0.0.1:59579 to /127.0.0.1:59580" [_thread_in_native, id=24236, stack(0x000000001ca70000,0x000000001cb70000)]
  0x000000001bb45800 JavaThread "Daemon" [_thread_blocked, id=12756, stack(0x000000001c970000,0x000000001ca70000)]
  0x000000001ba62000 JavaThread "Daemon periodic checks" [_thread_blocked, id=27504, stack(0x000000001c870000,0x000000001c970000)]
  0x000000001bbce000 JavaThread "Incoming local TCP Connector on port 59579" [_thread_in_native, id=26796, stack(0x000000001c6c0000,0x000000001c7c0000)]
  0x000000001ba04800 JavaThread "Daemon health stats" [_thread_blocked, id=18784, stack(0x000000001c3c0000,0x000000001c4c0000)]
  0x000000001a11d800 JavaThread "Service Thread" daemon [_thread_blocked, id=9508, stack(0x000000001a9f0000,0x000000001aaf0000)]
  0x000000001a08c000 JavaThread "C1 CompilerThread3" daemon [_thread_blocked, id=23980, stack(0x000000001a8f0000,0x000000001a9f0000)]
=>0x000000001a088800 JavaThread "C2 CompilerThread2" daemon [_thread_in_native, id=1104, stack(0x000000001a7f0000,0x000000001a8f0000)]
  0x000000001a077000 JavaThread "C2 CompilerThread1" daemon [_thread_in_native, id=31360, stack(0x000000001a6f0000,0x000000001a7f0000)]
  0x000000001a074000 JavaThread "C2 CompilerThread0" daemon [_thread_blocked, id=6600, stack(0x000000001a5f0000,0x000000001a6f0000)]
  0x000000001a072800 JavaThread "Attach Listener" daemon [_thread_blocked, id=8284, stack(0x000000001a4f0000,0x000000001a5f0000)]
  0x000000001a071800 JavaThread "Signal Dispatcher" daemon [_thread_blocked, id=14696, stack(0x000000001a3f0000,0x000000001a4f0000)]
  0x0000000002f98800 JavaThread "Finalizer" daemon [_thread_blocked, id=27372, stack(0x0000000019ef0000,0x0000000019ff0000)]
  0x000000001800c800 JavaThread "Reference Handler" daemon [_thread_blocked, id=32668, stack(0x0000000019df0000,0x0000000019ef0000)]
  0x0000000002ea2800 JavaThread "main" [_thread_blocked, id=21604, stack(0x00000000029b0000,0x0000000002ab0000)]

Other Threads:
  0x0000000018008800 VMThread [stack: 0x0000000019cf0000,0x0000000019df0000] [id=25968]
  0x000000001a121800 WatcherThread [stack: 0x000000001aaf0000,0x000000001abf0000] [id=5376]

VM state:not at safepoint (normal execution)

VM Mutex/Monitor currently owned by a thread: None

Heap:
 PSYoungGen      total 109568K, used 57597K [0x00000000d5580000, 0x00000000de880000, 0x0000000100000000)
  eden space 99840K, 57% used [0x00000000d5580000,0x00000000d8dbf450,0x00000000db700000)
  from space 9728K, 0% used [0x00000000dd580000,0x00000000dd580000,0x00000000ddf00000)
  to   space 7168K, 0% used [0x00000000de180000,0x00000000de180000,0x00000000de880000)
 ParOldGen       total 63488K, used 19420K [0x0000000080000000, 0x0000000083e00000, 0x00000000d5580000)
  object space 63488K, 30% used [0x0000000080000000,0x00000000812f7318,0x0000000083e00000)
 Metaspace       used 37987K, capacity 38658K, committed 39080K, reserved 1085440K
  class space    used 5289K, capacity 5465K, committed 5552K, reserved 1048576K

Card table byte_map: [0x0000000012360000,0x0000000012770000] byte_map_base: 0x0000000011f60000

Marking Bits: (ParMarkBitMap*) 0x000000006735d4f0
 Begin Bits: [0x0000000013220000, 0x0000000015220000)
 End Bits:   [0x0000000015220000, 0x0000000017220000)

Polling page: 0x0000000002ab0000

CodeCache: size=245760Kb used=12858Kb max_used=12858Kb free=232901Kb
 bounds [0x0000000002fa0000, 0x0000000003c40000, 0x0000000011fa0000]
 total_blobs=4489 nmethods=3783 adapters=619
 compilation: enabled

Compilation events (10 events):
Event: 4.649 Thread 0x000000001a08c000 3770       3       sun.security.util.DerValue::isPrintableStringChar (184 bytes)
Event: 4.649 Thread 0x000000001a08c000 nmethod 3770 0x0000000003c268d0 code [0x0000000003c26a40, 0x0000000003c26d30]
Event: 4.650 Thread 0x000000001a08c000 3771       3       sun.security.util.DerInputStream::available (8 bytes)
Event: 4.650 Thread 0x000000001a08c000 nmethod 3771 0x0000000003c2d6d0 code [0x0000000003c2d840, 0x0000000003c2dc10]
Event: 4.650 Thread 0x000000001a08c000 3772       3       sun.security.util.DerInputStream::<init> (19 bytes)
Event: 4.650 Thread 0x000000001a08c000 nmethod 3772 0x0000000003c29690 code [0x0000000003c29800, 0x0000000003c29ab0]
Event: 4.651 Thread 0x000000001a08c000 3773       3       java.util.Collections::emptyMap (4 bytes)
Event: 4.651 Thread 0x000000001a08c000 nmethod 3773 0x0000000003c25e90 code [0x0000000003c25fe0, 0x0000000003c26110]
Event: 4.651 Thread 0x000000001a08c000 3774       3       java.security.Provider$ServiceKey::hashCode (16 bytes)
Event: 4.651 Thread 0x000000001a08c000 nmethod 3774 0x0000000003c2dd10 code [0x0000000003c2de80, 0x0000000003c2e158]

GC Heap History (10 events):
Event: 2.208 GC heap before
{Heap before GC invocations=5 (full 0):
 PSYoungGen      total 71680K, used 27280K [0x00000000d5580000, 0x00000000da080000, 0x0000000100000000)
  eden space 66560K, 33% used [0x00000000d5580000,0x00000000d6b2c020,0x00000000d9680000)
  from space 5120K, 99% used [0x00000000d9b80000,0x00000000da078050,0x00000000da080000)
  to   space 5120K, 0% used [0x00000000d9680000,0x00000000d9680000,0x00000000d9b80000)
 ParOldGen       total 87552K, used 5459K [0x0000000080000000, 0x0000000085580000, 0x00000000d5580000)
  object space 87552K, 6% used [0x0000000080000000,0x0000000080554f90,0x0000000085580000)
 Metaspace       used 20802K, capacity 21212K, committed 21296K, reserved 1067008K
  class space    used 2963K, capacity 3094K, committed 3120K, reserved 1048576K
Event: 2.214 GC heap after
Heap after GC invocations=5 (full 0):
 PSYoungGen      total 71680K, used 5096K [0x00000000d5580000, 0x00000000deb80000, 0x0000000100000000)
  eden space 66560K, 0% used [0x00000000d5580000,0x00000000d5580000,0x00000000d9680000)
  from space 5120K, 99% used [0x00000000d9680000,0x00000000d9b7a090,0x00000000d9b80000)
  to   space 10240K, 0% used [0x00000000de180000,0x00000000de180000,0x00000000deb80000)
 ParOldGen       total 87552K, used 8945K [0x0000000080000000, 0x0000000085580000, 0x00000000d5580000)
  object space 87552K, 10% used [0x0000000080000000,0x00000000808bc6c0,0x0000000085580000)
 Metaspace       used 20802K, capacity 21212K, committed 21296K, reserved 1067008K
  class space    used 2963K, capacity 3094K, committed 3120K, reserved 1048576K
}
Event: 2.214 GC heap before
{Heap before GC invocations=6 (full 1):
 PSYoungGen      total 71680K, used 5096K [0x00000000d5580000, 0x00000000deb80000, 0x0000000100000000)
  eden space 66560K, 0% used [0x00000000d5580000,0x00000000d5580000,0x00000000d9680000)
  from space 5120K, 99% used [0x00000000d9680000,0x00000000d9b7a090,0x00000000d9b80000)
  to   space 10240K, 0% used [0x00000000de180000,0x00000000de180000,0x00000000deb80000)
 ParOldGen       total 87552K, used 8945K [0x0000000080000000, 0x0000000085580000, 0x00000000d5580000)
  object space 87552K, 10% used [0x0000000080000000,0x00000000808bc6c0,0x0000000085580000)
 Metaspace       used 20802K, capacity 21212K, committed 21296K, reserved 1067008K
  class space    used 2963K, capacity 3094K, committed 3120K, reserved 1048576K
Event: 2.248 GC heap after
Heap after GC invocations=6 (full 1):
 PSYoungGen      total 71680K, used 0K [0x00000000d5580000, 0x00000000deb80000, 0x0000000100000000)
  eden space 66560K, 0% used [0x00000000d5580000,0x00000000d5580000,0x00000000d9680000)
  from space 5120K, 0% used [0x00000000d9680000,0x00000000d9680000,0x00000000d9b80000)
  to   space 10240K, 0% used [0x00000000de180000,0x00000000de180000,0x00000000deb80000)
 ParOldGen       total 63488K, used 8857K [0x0000000080000000, 0x0000000083e00000, 0x00000000d5580000)
  object space 63488K, 13% used [0x0000000080000000,0x00000000808a6580,0x0000000083e00000)
 Metaspace       used 20800K, capacity 21210K, committed 21296K, reserved 1067008K
  class space    used 2962K, capacity 3093K, committed 3120K, reserved 1048576K
}
Event: 2.970 GC heap before
{Heap before GC invocations=7 (full 1):
 PSYoungGen      total 71680K, used 66560K [0x00000000d5580000, 0x00000000deb80000, 0x0000000100000000)
  eden space 66560K, 100% used [0x00000000d5580000,0x00000000d9680000,0x00000000d9680000)
  from space 5120K, 0% used [0x00000000d9680000,0x00000000d9680000,0x00000000d9b80000)
  to   space 10240K, 0% used [0x00000000de180000,0x00000000de180000,0x00000000deb80000)
 ParOldGen       total 63488K, used 8857K [0x0000000080000000, 0x0000000083e00000, 0x00000000d5580000)
  object space 63488K, 13% used [0x0000000080000000,0x00000000808a6580,0x0000000083e00000)
 Metaspace       used 26448K, capacity 26944K, committed 27184K, reserved 1073152K
  class space    used 3696K, capacity 3820K, committed 3888K, reserved 1048576K
Event: 2.979 GC heap after
Heap after GC invocations=7 (full 1):
 PSYoungGen      total 107008K, used 6849K [0x00000000d5580000, 0x00000000de880000, 0x0000000100000000)
  eden space 99840K, 0% used [0x00000000d5580000,0x00000000d5580000,0x00000000db700000)
  from space 7168K, 95% used [0x00000000de180000,0x00000000de8307a8,0x00000000de880000)
  to   space 9728K, 0% used [0x00000000dd580000,0x00000000dd580000,0x00000000ddf00000)
 ParOldGen       total 63488K, used 8865K [0x0000000080000000, 0x0000000083e00000, 0x00000000d5580000)
  object space 63488K, 13% used [0x0000000080000000,0x00000000808a8580,0x0000000083e00000)
 Metaspace       used 26448K, capacity 26944K, committed 27184K, reserved 1073152K
  class space    used 3696K, capacity 3820K, committed 3888K, reserved 1048576K
}
Event: 4.140 GC heap before
{Heap before GC invocations=8 (full 1):
 PSYoungGen      total 107008K, used 104034K [0x00000000d5580000, 0x00000000de880000, 0x0000000100000000)
  eden space 99840K, 97% used [0x00000000d5580000,0x00000000db4681f8,0x00000000db700000)
  from space 7168K, 95% used [0x00000000de180000,0x00000000de8307a8,0x00000000de880000)
  to   space 9728K, 0% used [0x00000000dd580000,0x00000000dd580000,0x00000000ddf00000)
 ParOldGen       total 63488K, used 8865K [0x0000000080000000, 0x0000000083e00000, 0x00000000d5580000)
  object space 63488K, 13% used [0x0000000080000000,0x00000000808a8580,0x0000000083e00000)
 Metaspace       used 34588K, capacity 35204K, committed 35496K, reserved 1079296K
  class space    used 4866K, capacity 5022K, committed 5040K, reserved 1048576K
Event: 4.152 GC heap after
Heap after GC invocations=8 (full 1):
 PSYoungGen      total 109568K, used 9710K [0x00000000d5580000, 0x00000000de880000, 0x0000000100000000)
  eden space 99840K, 0% used [0x00000000d5580000,0x00000000d5580000,0x00000000db700000)
  from space 9728K, 99% used [0x00000000dd580000,0x00000000ddefb968,0x00000000ddf00000)
  to   space 7168K, 0% used [0x00000000de180000,0x00000000de180000,0x00000000de880000)
 ParOldGen       total 63488K, used 12122K [0x0000000080000000, 0x0000000083e00000, 0x00000000d5580000)
  object space 63488K, 19% used [0x0000000080000000,0x0000000080bd6908,0x0000000083e00000)
 Metaspace       used 34588K, capacity 35204K, committed 35496K, reserved 1079296K
  class space    used 4866K, capacity 5022K, committed 5040K, reserved 1048576K
}
Event: 4.152 GC heap before
{Heap before GC invocations=9 (full 2):
 PSYoungGen      total 109568K, used 9710K [0x00000000d5580000, 0x00000000de880000, 0x0000000100000000)
  eden space 99840K, 0% used [0x00000000d5580000,0x00000000d5580000,0x00000000db700000)
  from space 9728K, 99% used [0x00000000dd580000,0x00000000ddefb968,0x00000000ddf00000)
  to   space 7168K, 0% used [0x00000000de180000,0x00000000de180000,0x00000000de880000)
 ParOldGen       total 63488K, used 12122K [0x0000000080000000, 0x0000000083e00000, 0x00000000d5580000)
  object space 63488K, 19% used [0x0000000080000000,0x0000000080bd6908,0x0000000083e00000)
 Metaspace       used 34588K, capacity 35204K, committed 35496K, reserved 1079296K
  class space    used 4866K, capacity 5022K, committed 5040K, reserved 1048576K
Event: 4.210 GC heap after
Heap after GC invocations=9 (full 2):
 PSYoungGen      total 109568K, used 0K [0x00000000d5580000, 0x00000000de880000, 0x0000000100000000)
  eden space 99840K, 0% used [0x00000000d5580000,0x00000000d5580000,0x00000000db700000)
  from space 9728K, 0% used [0x00000000dd580000,0x00000000dd580000,0x00000000ddf00000)
  to   space 7168K, 0% used [0x00000000de180000,0x00000000de180000,0x00000000de880000)
 ParOldGen       total 63488K, used 19420K [0x0000000080000000, 0x0000000083e00000, 0x00000000d5580000)
  object space 63488K, 30% used [0x0000000080000000,0x00000000812f7318,0x0000000083e00000)
 Metaspace       used 34588K, capacity 35204K, committed 35496K, reserved 1079296K
  class space    used 4866K, capacity 5022K, committed 5040K, reserved 1048576K
}

Deoptimization events (10 events):
Event: 4.415 Thread 0x000000001bc81000 Uncommon trap: reason=unreached action=reinterpret pc=0x000000000383bdd0 method=java.util.HashMap.putVal(ILjava/lang/Object;Ljava/lang/Object;ZZ)Ljava/lang/Object; @ 109
Event: 4.416 Thread 0x000000001bc81000 Uncommon trap: reason=unreached action=reinterpret pc=0x000000000380ceb0 method=java.util.HashMap.putVal(ILjava/lang/Object;Ljava/lang/Object;ZZ)Ljava/lang/Object; @ 109
Event: 4.549 Thread 0x000000001bc81000 Uncommon trap: reason=speculate_class_check action=maybe_recompile pc=0x0000000003bdd104 method=com.google.common.base.Equivalence.hash(Ljava/lang/Object;)I @ 8
Event: 4.549 Thread 0x000000001bc81000 Uncommon trap: reason=speculate_class_check action=maybe_recompile pc=0x0000000003bdd104 method=com.google.common.base.Equivalence.hash(Ljava/lang/Object;)I @ 8
Event: 4.549 Thread 0x000000001bc81000 Uncommon trap: reason=speculate_class_check action=maybe_recompile pc=0x0000000003bdd104 method=com.google.common.base.Equivalence.hash(Ljava/lang/Object;)I @ 8
Event: 4.549 Thread 0x000000001bc81000 Uncommon trap: reason=speculate_class_check action=maybe_recompile pc=0x0000000003bdd104 method=com.google.common.base.Equivalence.hash(Ljava/lang/Object;)I @ 8
Event: 4.550 Thread 0x000000001bc81000 Uncommon trap: reason=class_check action=maybe_recompile pc=0x0000000003bf2e50 method=com.google.common.collect.AbstractMapBasedMultimap$WrappedCollection$WrappedIterator.hasNext()Z @ 8
Event: 4.550 Thread 0x000000001bc81000 Uncommon trap: reason=class_check action=maybe_recompile pc=0x0000000003bf2e50 method=com.google.common.collect.AbstractMapBasedMultimap$WrappedCollection$WrappedIterator.hasNext()Z @ 8
Event: 4.550 Thread 0x000000001bc81000 Uncommon trap: reason=class_check action=maybe_recompile pc=0x0000000003bf2e50 method=com.google.common.collect.AbstractMapBasedMultimap$WrappedCollection$WrappedIterator.hasNext()Z @ 8
Event: 4.550 Thread 0x000000001bc81000 Uncommon trap: reason=class_check action=maybe_recompile pc=0x0000000003bf2e50 method=com.google.common.collect.AbstractMapBasedMultimap$WrappedCollection$WrappedIterator.hasNext()Z @ 8

Internal exceptions (10 events):
Event: 4.600 Thread 0x000000001bc81000 Exception <a 'java/security/PrivilegedActionException'> (0x00000000d8a386c8) thrown at [C:\workspace\8-2-build-windows-amd64-cygwin\jdk8u31\2394\hotspot\src\share\vm\prims\jvm.cpp, line 1312]
Event: 4.601 Thread 0x000000001bc81000 Exception <a 'java/security/PrivilegedActionException'> (0x00000000d8a4c328) thrown at [C:\workspace\8-2-build-windows-amd64-cygwin\jdk8u31\2394\hotspot\src\share\vm\prims\jvm.cpp, line 1312]
Event: 4.601 Thread 0x000000001bc81000 Exception <a 'java/security/PrivilegedActionException'> (0x00000000d8a51a70) thrown at [C:\workspace\8-2-build-windows-amd64-cygwin\jdk8u31\2394\hotspot\src\share\vm\prims\jvm.cpp, line 1312]
Event: 4.601 Thread 0x000000001bc81000 Exception <a 'java/security/PrivilegedActionException'> (0x00000000d8a585c8) thrown at [C:\workspace\8-2-build-windows-amd64-cygwin\jdk8u31\2394\hotspot\src\share\vm\prims\jvm.cpp, line 1312]
Event: 4.601 Thread 0x000000001bc81000 Exception <a 'java/security/PrivilegedActionException'> (0x00000000d8a5cc88) thrown at [C:\workspace\8-2-build-windows-amd64-cygwin\jdk8u31\2394\hotspot\src\share\vm\prims\jvm.cpp, line 1312]
Event: 4.602 Thread 0x000000001bc81000 Exception <a 'java/security/PrivilegedActionException'> (0x00000000d8a65b48) thrown at [C:\workspace\8-2-build-windows-amd64-cygwin\jdk8u31\2394\hotspot\src\share\vm\prims\jvm.cpp, line 1312]
Event: 4.602 Thread 0x000000001bc81000 Exception <a 'java/security/PrivilegedActionException'> (0x00000000d8a6b180) thrown at [C:\workspace\8-2-build-windows-amd64-cygwin\jdk8u31\2394\hotspot\src\share\vm\prims\jvm.cpp, line 1312]
Event: 4.603 Thread 0x000000001bc81000 Exception <a 'java/security/PrivilegedActionException'> (0x00000000d8a72090) thrown at [C:\workspace\8-2-build-windows-amd64-cygwin\jdk8u31\2394\hotspot\src\share\vm\prims\jvm.cpp, line 1312]
Event: 4.603 Thread 0x000000001bc81000 Exception <a 'java/security/PrivilegedActionException'> (0x00000000d8a77a30) thrown at [C:\workspace\8-2-build-windows-amd64-cygwin\jdk8u31\2394\hotspot\src\share\vm\prims\jvm.cpp, line 1312]
Event: 4.604 Thread 0x000000001bc81000 Exception <a 'java/security/PrivilegedActionException'> (0x00000000d8a83f68) thrown at [C:\workspace\8-2-build-windows-amd64-cygwin\jdk8u31\2394\hotspot\src\share\vm\prims\jvm.cpp, line 1312]

Events (10 events):
Event: 4.652 loading class java/security/interfaces/RSAPublicKey done
Event: 4.652 loading class sun/security/rsa/RSAPublicKeyImpl done
Event: 4.652 loading class sun/security/rsa/RSAPrivateCrtKeyImpl
Event: 4.652 loading class java/security/interfaces/RSAPrivateCrtKey
Event: 4.652 loading class java/security/interfaces/RSAPrivateKey
Event: 4.653 loading class java/security/interfaces/RSAPrivateKey done
Event: 4.653 loading class java/security/interfaces/RSAPrivateCrtKey done
Event: 4.653 loading class sun/security/pkcs/PKCS8Key
Event: 4.653 loading class sun/security/pkcs/PKCS8Key done
Event: 4.653 loading class sun/security/rsa/RSAPrivateCrtKeyImpl done


Dynamic libraries:
0x00007ff785ef0000 - 0x00007ff785f24000 	C:\Program Files\Java\jdk1.8.0_31\bin\java.exe
0x00007fffc15e0000 - 0x00007fffc17c1000 	C:\WINDOWS\SYSTEM32\ntdll.dll
0x00007fffbe9c0000 - 0x00007fffbea71000 	C:\WINDOWS\System32\KERNEL32.DLL
0x00007fffbd6a0000 - 0x00007fffbd913000 	C:\WINDOWS\System32\KERNELBASE.dll
0x00007fffbe910000 - 0x00007fffbe9b1000 	C:\WINDOWS\System32\ADVAPI32.dll
0x00007fffbf270000 - 0x00007fffbf30e000 	C:\WINDOWS\System32\msvcrt.dll
0x00007fffbe8b0000 - 0x00007fffbe90b000 	C:\WINDOWS\System32\sechost.dll
0x00007fffc08e0000 - 0x00007fffc0a04000 	C:\WINDOWS\System32\RPCRT4.dll
0x00007fffbf050000 - 0x00007fffbf1e0000 	C:\WINDOWS\System32\USER32.dll
0x00007fffbde80000 - 0x00007fffbdea0000 	C:\WINDOWS\System32\win32u.dll
0x00007fffc1060000 - 0x00007fffc1088000 	C:\WINDOWS\System32\GDI32.dll
0x00007fffbdb90000 - 0x00007fffbdd21000 	C:\WINDOWS\System32\gdi32full.dll
0x00007fffbdf00000 - 0x00007fffbdf9f000 	C:\WINDOWS\System32\msvcp_win.dll
0x00007fffbd920000 - 0x00007fffbda18000 	C:\WINDOWS\System32\ucrtbase.dll
0x00007fffb3c70000 - 0x00007fffb3ed9000 	C:\WINDOWS\WinSxS\amd64_microsoft.windows.common-controls_6595b64144ccf1df_6.0.17134.1304_none_d3fbe61b7c93d9f0\COMCTL32.dll
0x00007fffc1090000 - 0x00007fffc13b1000 	C:\WINDOWS\System32\combase.dll
0x00007fffbdd80000 - 0x00007fffbddf9000 	C:\WINDOWS\System32\bcryptPrimitives.dll
0x00007fffc0f20000 - 0x00007fffc0f4d000 	C:\WINDOWS\System32\IMM32.DLL
0x0000000068210000 - 0x00000000682e2000 	C:\Program Files\Java\jdk1.8.0_31\jre\bin\msvcr100.dll
0x0000000066b80000 - 0x00000000673da000 	C:\Program Files\Java\jdk1.8.0_31\jre\bin\server\jvm.dll
0x00007fffbde50000 - 0x00007fffbde73000 	C:\WINDOWS\System32\WINMM.dll
0x00007fffbd600000 - 0x00007fffbd62a000 	C:\WINDOWS\System32\WINMMBASE.dll
0x00007fffbde00000 - 0x00007fffbde49000 	C:\WINDOWS\System32\cfgmgr32.dll
0x00007fffbed50000 - 0x00007fffbed58000 	C:\WINDOWS\System32\PSAPI.DLL
0x00007fffb3290000 - 0x00007fffb3299000 	C:\WINDOWS\SYSTEM32\WSOCK32.dll
0x00007fffc1540000 - 0x00007fffc15ac000 	C:\WINDOWS\System32\WS2_32.dll
0x0000000068200000 - 0x000000006820f000 	C:\Program Files\Java\jdk1.8.0_31\jre\bin\verify.dll
0x00000000681d0000 - 0x00000000681f8000 	C:\Program Files\Java\jdk1.8.0_31\jre\bin\java.dll
0x00000000681b0000 - 0x00000000681c6000 	C:\Program Files\Java\jdk1.8.0_31\jre\bin\zip.dll
0x00007fffbf330000 - 0x00007fffc0775000 	C:\WINDOWS\System32\SHELL32.dll
0x00007fffc13d0000 - 0x00007fffc1479000 	C:\WINDOWS\System32\shcore.dll
0x00007fffbe1a0000 - 0x00007fffbe8b0000 	C:\WINDOWS\System32\windows.storage.dll
0x00007fffc14e0000 - 0x00007fffc1531000 	C:\WINDOWS\System32\shlwapi.dll
0x00007fffbd660000 - 0x00007fffbd671000 	C:\WINDOWS\System32\kernel.appcore.dll
0x00007fffbd680000 - 0x00007fffbd69f000 	C:\WINDOWS\System32\profapi.dll
0x00007fffbdd30000 - 0x00007fffbdd7c000 	C:\WINDOWS\System32\powrprof.dll
0x00007fffbd650000 - 0x00007fffbd65a000 	C:\WINDOWS\System32\FLTLIB.DLL
0x0000000068190000 - 0x00000000681aa000 	C:\Program Files\Java\jdk1.8.0_31\jre\bin\net.dll
0x00007fffbce60000 - 0x00007fffbcec6000 	C:\WINDOWS\system32\mswsock.dll
0x0000000068170000 - 0x0000000068181000 	C:\Program Files\Java\jdk1.8.0_31\jre\bin\nio.dll
0x00007fffa8300000 - 0x00007fffa831e000 	C:\Users\Administrator\.gradle\native\25\windows-amd64\native-platform.dll
0x0000000068160000 - 0x000000006816d000 	C:\Program Files\Java\jdk1.8.0_31\jre\bin\management.dll
0x00007fffbd010000 - 0x00007fffbd027000 	C:\WINDOWS\SYSTEM32\CRYPTSP.dll
0x00007fffbca10000 - 0x00007fffbca43000 	C:\WINDOWS\system32\rsaenh.dll
0x00007fffbd140000 - 0x00007fffbd165000 	C:\WINDOWS\SYSTEM32\bcrypt.dll
0x00007fffbd500000 - 0x00007fffbd528000 	C:\WINDOWS\SYSTEM32\USERENV.dll
0x00007fffbd030000 - 0x00007fffbd03b000 	C:\WINDOWS\SYSTEM32\CRYPTBASE.dll
0x00007fffbcbb0000 - 0x00007fffbcbe8000 	C:\WINDOWS\SYSTEM32\IPHLPAPI.DLL
0x00007fffc13c0000 - 0x00007fffc13c8000 	C:\WINDOWS\System32\NSI.dll
0x00007fffb7de0000 - 0x00007fffb7df6000 	C:\WINDOWS\SYSTEM32\dhcpcsvc6.DLL
0x00007fffb7dc0000 - 0x00007fffb7dda000 	C:\WINDOWS\SYSTEM32\dhcpcsvc.DLL
0x00007fffac400000 - 0x00007fffac5c9000 	C:\WINDOWS\SYSTEM32\dbghelp.dll

VM Arguments:
jvm_args: -XX:MaxPermSize=512m -XX:+HeapDumpOnOutOfMemoryError -Xmx2048m -Dfile.encoding=UTF-8 -Duser.country=CN -Duser.language=zh -Duser.variant 
java_command: org.gradle.launcher.daemon.bootstrap.GradleDaemon 4.4
java_class_path (initial): C:\Users\Administrator\.gradle\wrapper\dists\gradle-4.4-all\9br9xq1tocpiv8o6njlyu5op1\gradle-4.4\lib\gradle-launcher-4.4.jar
Launcher Type: SUN_STANDARD

Environment Variables:
JAVA_HOME=C:\Program Files\Java\jdk1.8.0_31
CLASSPATH=.;C:\Program Files\Java\jdk1.8.0_31\lib\dt.jar;C:\Program Files\Java\jdk1.8.0_31\lib\tools.jar
PATH=C:\ProgramData\Oracle\Java\javapath;C:\WINDOWS\system32;C:\WINDOWS;C:\WINDOWS\System32\Wbem;C:\WINDOWS\System32\WindowsPowerShell\v1.0\;C:\Program Files\Java\jdk1.8.0_31\bin;D:\Developers\TortoiseSVN\bin;D:\Developers\MySql\mysql-5.7.11-winx64\bin;D:\Developers\Ecplise_JavaEE\apache-ant-1.9.7/bin;D:\Developers\Ecplise_JavaEE\apache-maven-3.3.9/bin;D:\Developers\AndroidSDK\android_sdk\platform-tools;C:\Program Files\Java\jdk1.8.0_31\jre\bin;C:\Users\Administrator\.gradle\wrapper\dists\gradle-3.4.1-all\c3ib5obfnqr0no9szq6qc17do\gradle-3.4.1/bin;C:\WINDOWS\System32\OpenSSH\;D:\Developers\TortoiseGit\bin;C:\Program Files (x86)\NVIDIA Corporation\PhysX\Common;C:\Program Files\NVIDIA Corporation\NVIDIA NvDLISR;D:\Developers\python\Scripts\;D:\Developers\python\;C:\Users\Administrator\AppData\Local\Microsoft\WindowsApps;C:\Users\Administrator\AppData\Local\BypassRuntm
USERNAME=Administrator
OS=Windows_NT
PROCESSOR_IDENTIFIER=Intel64 Family 6 Model 94 Stepping 3, GenuineIntel



---------------  S Y S T E M  ---------------

OS: Windows 8.1 , 64 bit Build 9600 

CPU:total 8 (4 cores per cpu, 2 threads per core) family 6 model 94 stepping 3, cmov, cx8, fxsr, mmx, sse, sse2, sse3, ssse3, sse4.1, sse4.2, popcnt, avx, avx2, aes, clmul, erms, rtm, lzcnt, ht, tsc, tscinvbit, bmi1, bmi2

Memory: 4k page, physical 8307124k(2102256k free), swap 12501428k(5200k free)

vm_info: Java HotSpot(TM) 64-Bit Server VM (25.31-b07) for windows-amd64 JRE (1.8.0_31-b13), built on Dec 17 2014 21:00:28 by "java_re" with MS VC++ 10.0 (VS2010)

time: Sat Mar 07 22:44:46 2020
elapsed time: 4 seconds (0d 0h 0m 4s)

