#
# There is insufficient memory for the Java Runtime Environment to continue.
# Native memory allocation (malloc) failed to allocate 1851136 bytes for Chunk::new
# Possible reasons:
#   The system is out of physical RAM or swap space
#   In 32 bit mode, the process size limit was hit
# Possible solutions:
#   Reduce memory load on the system
#   Increase physical memory or swap space
#   Check if swap backing store is full
#   Use 64 bit Java on a 64 bit OS
#   Decrease Java heap size (-Xmx/-Xms)
#   Decrease number of Java threads
#   Decrease Java thread stack sizes (-Xss)
#   Set larger code cache with -XX:ReservedCodeCacheSize=
# This output file may be truncated or incomplete.
#
#  Out of Memory Error (allocation.cpp:390), pid=3900, tid=24212
#
# JRE version: Java(TM) SE Runtime Environment (8.0_31-b13) (build 1.8.0_31-b13)
# Java VM: Java HotSpot(TM) 64-Bit Server VM (25.31-b07 mixed mode windows-amd64 compressed oops)
# Failed to write core dump. Minidumps are not enabled by default on client versions of Windows
#

---------------  T H R E A D  ---------------

Current thread (0x0000000019e3c800):  JavaThread "C2 CompilerThread2" daemon [_thread_in_native, id=24212, stack(0x000000001a5b0000,0x000000001a6b0000)]

Stack: [0x000000001a5b0000,0x000000001a6b0000]
[error occurred during error reporting (printing stack bounds), id 0xc0000005]

Native frames: (J=compiled Java code, j=interpreted, Vv=VM code, C=native code)
V  [jvm.dll+0x3169ba]
V  [jvm.dll+0x2674c3]
V  [jvm.dll+0x268103]
V  [jvm.dll+0x280d66]
V  [jvm.dll+0x28492c]
V  [jvm.dll+0x5af20f]
C  [msvcr100.dll+0x712e3]
V  [jvm.dll+0x5ae90d]
C  [ntdll.dll+0x9f7fd]
C  [ntdll.dll+0xd856]
C  [ntdll.dll+0x9e72e]
V  [jvm.dll+0x206c01]


Current CompileTask:
C2:   3279 1840   !   4       java.net.URLClassLoader$1::run (73 bytes)


---------------  P R O C E S S  ---------------

Java Threads: ( => current thread )
  0x000000001bf87800 JavaThread "Cache worker for file hash cache (D:\Android_WorkSpace\Demo1\.gradle\4.4\fileHashes)" [_thread_blocked, id=28488, stack(0x000000001d250000,0x000000001d350000)]
  0x000000001bf87000 JavaThread "File lock request listener" [_thread_in_native, id=31852, stack(0x000000001d150000,0x000000001d250000)]
  0x000000001bc72800 JavaThread "Cache worker for file hash cache (C:\Users\Administrator\.gradle\caches\4.4\fileHashes)" [_thread_blocked, id=24208, stack(0x000000001d050000,0x000000001d150000)]
  0x000000001b9eb800 JavaThread "Stdin handler" [_thread_blocked, id=30604, stack(0x000000001cf50000,0x000000001d050000)]
  0x000000001b9ef800 JavaThread "Asynchronous log dispatcher for DefaultDaemonConnection: socket connection from /127.0.0.1:59569 to /127.0.0.1:59570" [_thread_blocked, id=32172, stack(0x000000001cd50000,0x000000001ce50000)]
  0x000000001b9d3800 JavaThread "Daemon worker" [_thread_in_native, id=15228, stack(0x000000001cc50000,0x000000001cd50000)]
  0x000000001b9cf800 JavaThread "Cancel handler" [_thread_blocked, id=20776, stack(0x000000001cb50000,0x000000001cc50000)]
  0x000000001b9cc800 JavaThread "Handler for socket connection from /127.0.0.1:59569 to /127.0.0.1:59570" [_thread_in_native, id=23240, stack(0x000000001c850000,0x000000001c950000)]
  0x000000001a0cf800 JavaThread "Daemon" [_thread_blocked, id=28380, stack(0x000000001c750000,0x000000001c850000)]
  0x000000001b952000 JavaThread "Daemon periodic checks" [_thread_blocked, id=7260, stack(0x000000001c650000,0x000000001c750000)]
  0x000000001b941000 JavaThread "Incoming local TCP Connector on port 59569" [_thread_in_native, id=29484, stack(0x000000001c4a0000,0x000000001c5a0000)]
  0x000000001b75a000 JavaThread "Daemon health stats" [_thread_blocked, id=23060, stack(0x000000001c180000,0x000000001c280000)]
  0x0000000019ed4800 JavaThread "Service Thread" daemon [_thread_blocked, id=31144, stack(0x000000001a7b0000,0x000000001a8b0000)]
  0x0000000019e40000 JavaThread "C1 CompilerThread3" daemon [_thread_blocked, id=18736, stack(0x000000001a6b0000,0x000000001a7b0000)]
=>0x0000000019e3c800 JavaThread "C2 CompilerThread2" daemon [_thread_in_native, id=24212, stack(0x000000001a5b0000,0x000000001a6b0000)]
  0x0000000019e38000 JavaThread "C2 CompilerThread1" daemon [_thread_in_native, id=6056, stack(0x000000001a4b0000,0x000000001a5b0000)]
  0x0000000019e35000 JavaThread "C2 CompilerThread0" daemon [_thread_blocked, id=21176, stack(0x000000001a3b0000,0x000000001a4b0000)]
  0x0000000019e34000 JavaThread "Attach Listener" daemon [_thread_blocked, id=21456, stack(0x000000001a2b0000,0x000000001a3b0000)]
  0x0000000019e31800 JavaThread "Signal Dispatcher" daemon [_thread_blocked, id=29116, stack(0x000000001a1b0000,0x000000001a2b0000)]
  0x0000000002d13000 JavaThread "Finalizer" daemon [_thread_blocked, id=31048, stack(0x0000000019ca0000,0x0000000019da0000)]
  0x0000000002d12000 JavaThread "Reference Handler" daemon [_thread_blocked, id=30540, stack(0x0000000019ba0000,0x0000000019ca0000)]
  0x0000000002c22800 JavaThread "main" [_thread_blocked, id=22940, stack(0x0000000002b20000,0x0000000002c20000)]

Other Threads:
  0x0000000017db8800 VMThread [stack: 0x0000000019aa0000,0x0000000019ba0000] [id=18596]
  0x0000000019ed9800 WatcherThread [stack: 0x000000001a8b0000,0x000000001a9b0000] [id=13696]

VM state:not at safepoint (normal execution)

VM Mutex/Monitor currently owned by a thread: None

Heap:
 PSYoungGen      total 71680K, used 21233K [0x00000000d5580000, 0x00000000deb80000, 0x0000000100000000)
  eden space 66560K, 31% used [0x00000000d5580000,0x00000000d6a3c430,0x00000000d9680000)
  from space 5120K, 0% used [0x00000000d9680000,0x00000000d9680000,0x00000000d9b80000)
  to   space 10240K, 0% used [0x00000000de180000,0x00000000de180000,0x00000000deb80000)
 ParOldGen       total 61952K, used 8861K [0x0000000080000000, 0x0000000083c80000, 0x00000000d5580000)
  object space 61952K, 14% used [0x0000000080000000,0x00000000808a7418,0x0000000083c80000)
 Metaspace       used 22872K, capacity 23370K, committed 23600K, reserved 1069056K
  class space    used 3186K, capacity 3294K, committed 3376K, reserved 1048576K

Card table byte_map: [0x00000000120e0000,0x00000000124f0000] byte_map_base: 0x0000000011ce0000

Marking Bits: (ParMarkBitMap*) 0x000000006735d4f0
 Begin Bits: [0x0000000012fa0000, 0x0000000014fa0000)
 End Bits:   [0x0000000014fa0000, 0x0000000016fa0000)

Polling page: 0x0000000000a10000

CodeCache: size=245760Kb used=7491Kb max_used=7491Kb free=238268Kb
 bounds [0x0000000002d20000, 0x0000000003480000, 0x0000000011d20000]
 total_blobs=2560 nmethods=1932 adapters=541
 compilation: enabled

Compilation events (10 events):
Event: 3.228 Thread 0x0000000019e40000 nmethod 1908 0x000000000345bb90 code [0x000000000345bce0, 0x000000000345be10]
Event: 3.235 Thread 0x0000000019e35000 1909       4       java.lang.reflect.Method::getParameterTypes (11 bytes)
Event: 3.235 Thread 0x0000000019e40000 1910       3       sun.misc.ProxyGenerator::getParameterDescriptors (47 bytes)
Event: 3.236 Thread 0x0000000019e40000 nmethod 1910 0x000000000345e490 code [0x000000000345e6a0, 0x000000000345f268]
Event: 3.236 Thread 0x0000000019e40000 1911       3       java.lang.Class::forName (15 bytes)
Event: 3.236 Thread 0x0000000019e40000 nmethod 1911 0x000000000345b390 code [0x000000000345b520, 0x000000000345b828]
Event: 3.236 Thread 0x0000000019e35000 nmethod 1909 0x000000000345b050 code [0x000000000345b1a0, 0x000000000345b2d8]
Event: 3.236 Thread 0x0000000019e40000 1912       3       java.lang.ClassLoader::getClassLoader (11 bytes)
Event: 3.237 Thread 0x0000000019e40000 nmethod 1912 0x00000000034621d0 code [0x0000000003462340, 0x0000000003462588]
Event: 3.248 Thread 0x0000000019e40000 1913       3       org.gradle.internal.reflect.PropertyAccessorType::of (96 bytes)

GC Heap History (10 events):
Event: 1.842 GC heap before
{Heap before GC invocations=2 (full 0):
 PSYoungGen      total 38400K, used 37924K [0x00000000d5580000, 0x00000000d8000000, 0x0000000100000000)
  eden space 33280K, 100% used [0x00000000d5580000,0x00000000d7600000,0x00000000d7600000)
  from space 5120K, 90% used [0x00000000d7600000,0x00000000d7a89140,0x00000000d7b00000)
  to   space 5120K, 0% used [0x00000000d7b00000,0x00000000d7b00000,0x00000000d8000000)
 ParOldGen       total 87552K, used 8K [0x0000000080000000, 0x0000000085580000, 0x00000000d5580000)
  object space 87552K, 0% used [0x0000000080000000,0x0000000080002000,0x0000000085580000)
 Metaspace       used 10449K, capacity 10758K, committed 11008K, reserved 1058816K
  class space    used 1397K, capacity 1485K, committed 1536K, reserved 1048576K
Event: 1.849 GC heap after
Heap after GC invocations=2 (full 0):
 PSYoungGen      total 38400K, used 5106K [0x00000000d5580000, 0x00000000d8000000, 0x0000000100000000)
  eden space 33280K, 0% used [0x00000000d5580000,0x00000000d5580000,0x00000000d7600000)
  from space 5120K, 99% used [0x00000000d7b00000,0x00000000d7ffca80,0x00000000d8000000)
  to   space 5120K, 0% used [0x00000000d7600000,0x00000000d7600000,0x00000000d7b00000)
 ParOldGen       total 87552K, used 289K [0x0000000080000000, 0x0000000085580000, 0x00000000d5580000)
  object space 87552K, 0% used [0x0000000080000000,0x0000000080048440,0x0000000085580000)
 Metaspace       used 10449K, capacity 10758K, committed 11008K, reserved 1058816K
  class space    used 1397K, capacity 1485K, committed 1536K, reserved 1048576K
}
Event: 2.217 GC heap before
{Heap before GC invocations=3 (full 0):
 PSYoungGen      total 38400K, used 38386K [0x00000000d5580000, 0x00000000d8000000, 0x0000000100000000)
  eden space 33280K, 100% used [0x00000000d5580000,0x00000000d7600000,0x00000000d7600000)
  from space 5120K, 99% used [0x00000000d7b00000,0x00000000d7ffca80,0x00000000d8000000)
  to   space 5120K, 0% used [0x00000000d7600000,0x00000000d7600000,0x00000000d7b00000)
 ParOldGen       total 87552K, used 289K [0x0000000080000000, 0x0000000085580000, 0x00000000d5580000)
  object space 87552K, 0% used [0x0000000080000000,0x0000000080048440,0x0000000085580000)
 Metaspace       used 13881K, capacity 14210K, committed 14464K, reserved 1060864K
  class space    used 1972K, capacity 2051K, committed 2176K, reserved 1048576K
Event: 2.224 GC heap after
Heap after GC invocations=3 (full 0):
 PSYoungGen      total 38400K, used 5112K [0x00000000d5580000, 0x00000000da080000, 0x0000000100000000)
  eden space 33280K, 0% used [0x00000000d5580000,0x00000000d5580000,0x00000000d7600000)
  from space 5120K, 99% used [0x00000000d7600000,0x00000000d7afe050,0x00000000d7b00000)
  to   space 5120K, 0% used [0x00000000d9b80000,0x00000000d9b80000,0x00000000da080000)
 ParOldGen       total 87552K, used 2338K [0x0000000080000000, 0x0000000085580000, 0x00000000d5580000)
  object space 87552K, 2% used [0x0000000080000000,0x0000000080248990,0x0000000085580000)
 Metaspace       used 13881K, capacity 14210K, committed 14464K, reserved 1060864K
  class space    used 1972K, capacity 2051K, committed 2176K, reserved 1048576K
}
Event: 2.639 GC heap before
{Heap before GC invocations=4 (full 0):
 PSYoungGen      total 38400K, used 38392K [0x00000000d5580000, 0x00000000da080000, 0x0000000100000000)
  eden space 33280K, 100% used [0x00000000d5580000,0x00000000d7600000,0x00000000d7600000)
  from space 5120K, 99% used [0x00000000d7600000,0x00000000d7afe050,0x00000000d7b00000)
  to   space 5120K, 0% used [0x00000000d9b80000,0x00000000d9b80000,0x00000000da080000)
 ParOldGen       total 87552K, used 2338K [0x0000000080000000, 0x0000000085580000, 0x00000000d5580000)
  object space 87552K, 2% used [0x0000000080000000,0x0000000080248990,0x0000000085580000)
 Metaspace       used 16821K, capacity 17178K, committed 17536K, reserved 1064960K
  class space    used 2478K, capacity 2567K, committed 2688K, reserved 1048576K
Event: 2.651 GC heap after
Heap after GC invocations=4 (full 0):
 PSYoungGen      total 71680K, used 5112K [0x00000000d5580000, 0x00000000da080000, 0x0000000100000000)
  eden space 66560K, 0% used [0x00000000d5580000,0x00000000d5580000,0x00000000d9680000)
  from space 5120K, 99% used [0x00000000d9b80000,0x00000000da07e030,0x00000000da080000)
  to   space 5120K, 0% used [0x00000000d9680000,0x00000000d9680000,0x00000000d9b80000)
 ParOldGen       total 87552K, used 5381K [0x0000000080000000, 0x0000000085580000, 0x00000000d5580000)
  object space 87552K, 6% used [0x0000000080000000,0x00000000805415e0,0x0000000085580000)
 Metaspace       used 16821K, capacity 17178K, committed 17536K, reserved 1064960K
  class space    used 2478K, capacity 2567K, committed 2688K, reserved 1048576K
}
Event: 2.985 GC heap before
{Heap before GC invocations=5 (full 0):
 PSYoungGen      total 71680K, used 27137K [0x00000000d5580000, 0x00000000da080000, 0x0000000100000000)
  eden space 66560K, 33% used [0x00000000d5580000,0x00000000d6b023e0,0x00000000d9680000)
  from space 5120K, 99% used [0x00000000d9b80000,0x00000000da07e030,0x00000000da080000)
  to   space 5120K, 0% used [0x00000000d9680000,0x00000000d9680000,0x00000000d9b80000)
 ParOldGen       total 87552K, used 5381K [0x0000000080000000, 0x0000000085580000, 0x00000000d5580000)
  object space 87552K, 6% used [0x0000000080000000,0x00000000805415e0,0x0000000085580000)
 Metaspace       used 20773K, capacity 21212K, committed 21296K, reserved 1067008K
  class space    used 2966K, capacity 3094K, committed 3120K, reserved 1048576K
Event: 2.992 GC heap after
Heap after GC invocations=5 (full 0):
 PSYoungGen      total 71680K, used 5096K [0x00000000d5580000, 0x00000000deb80000, 0x0000000100000000)
  eden space 66560K, 0% used [0x00000000d5580000,0x00000000d5580000,0x00000000d9680000)
  from space 5120K, 99% used [0x00000000d9680000,0x00000000d9b7a050,0x00000000d9b80000)
  to   space 10240K, 0% used [0x00000000de180000,0x00000000de180000,0x00000000deb80000)
 ParOldGen       total 87552K, used 8915K [0x0000000080000000, 0x0000000085580000, 0x00000000d5580000)
  object space 87552K, 10% used [0x0000000080000000,0x00000000808b4e40,0x0000000085580000)
 Metaspace       used 20773K, capacity 21212K, committed 21296K, reserved 1067008K
  class space    used 2966K, capacity 3094K, committed 3120K, reserved 1048576K
}
Event: 2.992 GC heap before
{Heap before GC invocations=6 (full 1):
 PSYoungGen      total 71680K, used 5096K [0x00000000d5580000, 0x00000000deb80000, 0x0000000100000000)
  eden space 66560K, 0% used [0x00000000d5580000,0x00000000d5580000,0x00000000d9680000)
  from space 5120K, 99% used [0x00000000d9680000,0x00000000d9b7a050,0x00000000d9b80000)
  to   space 10240K, 0% used [0x00000000de180000,0x00000000de180000,0x00000000deb80000)
 ParOldGen       total 87552K, used 8915K [0x0000000080000000, 0x0000000085580000, 0x00000000d5580000)
  object space 87552K, 10% used [0x0000000080000000,0x00000000808b4e40,0x0000000085580000)
 Metaspace       used 20773K, capacity 21212K, committed 21296K, reserved 1067008K
  class space    used 2966K, capacity 3094K, committed 3120K, reserved 1048576K
Event: 3.030 GC heap after
Heap after GC invocations=6 (full 1):
 PSYoungGen      total 71680K, used 0K [0x00000000d5580000, 0x00000000deb80000, 0x0000000100000000)
  eden space 66560K, 0% used [0x00000000d5580000,0x00000000d5580000,0x00000000d9680000)
  from space 5120K, 0% used [0x00000000d9680000,0x00000000d9680000,0x00000000d9b80000)
  to   space 10240K, 0% used [0x00000000de180000,0x00000000de180000,0x00000000deb80000)
 ParOldGen       total 61952K, used 8861K [0x0000000080000000, 0x0000000083c80000, 0x00000000d5580000)
  object space 61952K, 14% used [0x0000000080000000,0x00000000808a7418,0x0000000083c80000)
 Metaspace       used 20772K, capacity 21210K, committed 21296K, reserved 1067008K
  class space    used 2965K, capacity 3093K, committed 3120K, reserved 1048576K
}

Deoptimization events (10 events):
Event: 2.695 Thread 0x000000001b9d3800 Uncommon trap: reason=bimorphic action=maybe_recompile pc=0x00000000031977ec method=java.lang.ClassLoader.loadClass(Ljava/lang/String;Z)Ljava/lang/Class; @ 38
Event: 2.695 Thread 0x000000001b9d3800 Uncommon trap: reason=bimorphic action=maybe_recompile pc=0x00000000031977ec method=java.lang.ClassLoader.loadClass(Ljava/lang/String;Z)Ljava/lang/Class; @ 38
Event: 3.066 Thread 0x000000001b9d3800 Uncommon trap: reason=unreached action=reinterpret pc=0x000000000300ff64 method=java.lang.AbstractStringBuilder.append(Ljava/lang/String;)Ljava/lang/AbstractStringBuilder; @ 1
Event: 3.066 Thread 0x000000001b9d3800 Uncommon trap: reason=unreached action=reinterpret pc=0x0000000002f4eda8 method=java.lang.AbstractStringBuilder.append(Ljava/lang/String;)Ljava/lang/AbstractStringBuilder; @ 1
Event: 3.068 Thread 0x000000001b9d3800 Uncommon trap: reason=unreached action=reinterpret pc=0x00000000031f3130 method=sun.util.calendar.ZoneInfo.getOffsets(J[II)I @ 4
Event: 3.111 Thread 0x000000001b9d3800 Uncommon trap: reason=class_check action=maybe_recompile pc=0x0000000002f010c4 method=sun.misc.URLClassPath.getLoader(I)Lsun/misc/URLClassPath$Loader; @ 94
Event: 3.111 Thread 0x000000001b9d3800 Uncommon trap: reason=class_check action=maybe_recompile pc=0x0000000003266494 method=sun.misc.URLClassPath.getResource(Ljava/lang/String;Z)Lsun/misc/Resource; @ 53
Event: 3.113 Thread 0x000000001b9d3800 Uncommon trap: reason=unreached action=reinterpret pc=0x0000000003243dd4 method=java.lang.ClassLoader.getClassLoadingLock(Ljava/lang/String;)Ljava/lang/Object; @ 6
Event: 3.130 Thread 0x000000001b9d3800 Uncommon trap: reason=class_check action=maybe_recompile pc=0x0000000002f01160 method=sun.misc.URLClassPath.getLoader(I)Lsun/misc/URLClassPath$Loader; @ 150
Event: 3.139 Thread 0x000000001b9d3800 Uncommon trap: reason=class_check action=maybe_recompile pc=0x0000000002f01160 method=sun.misc.URLClassPath.getLoader(I)Lsun/misc/URLClassPath$Loader; @ 150

Internal exceptions (10 events):
Event: 3.245 Thread 0x000000001b9d3800 Exception <a 'java/security/PrivilegedActionException'> (0x00000000d65a6b60) thrown at [C:\workspace\8-2-build-windows-amd64-cygwin\jdk8u31\2394\hotspot\src\share\vm\prims\jvm.cpp, line 1312]
Event: 3.245 Thread 0x000000001b9d3800 Exception <a 'java/security/PrivilegedActionException'> (0x00000000d65a7c70) thrown at [C:\workspace\8-2-build-windows-amd64-cygwin\jdk8u31\2394\hotspot\src\share\vm\prims\jvm.cpp, line 1312]
Event: 3.245 Thread 0x000000001b9d3800 Exception <a 'java/security/PrivilegedActionException'> (0x00000000d65af7a0) thrown at [C:\workspace\8-2-build-windows-amd64-cygwin\jdk8u31\2394\hotspot\src\share\vm\prims\jvm.cpp, line 1312]
Event: 3.246 Thread 0x000000001b9d3800 Exception <a 'java/security/PrivilegedActionException'> (0x00000000d65b0898) thrown at [C:\workspace\8-2-build-windows-amd64-cygwin\jdk8u31\2394\hotspot\src\share\vm\prims\jvm.cpp, line 1312]
Event: 3.247 Thread 0x000000001b9d3800 Exception <a 'java/security/PrivilegedActionException'> (0x00000000d65b4070) thrown at [C:\workspace\8-2-build-windows-amd64-cygwin\jdk8u31\2394\hotspot\src\share\vm\prims\jvm.cpp, line 1312]
Event: 3.247 Thread 0x000000001b9d3800 Exception <a 'java/security/PrivilegedActionException'> (0x00000000d65b51b8) thrown at [C:\workspace\8-2-build-windows-amd64-cygwin\jdk8u31\2394\hotspot\src\share\vm\prims\jvm.cpp, line 1312]
Event: 3.248 Thread 0x000000001b9d3800 Exception <a 'java/security/PrivilegedActionException'> (0x00000000d65b8f68) thrown at [C:\workspace\8-2-build-windows-amd64-cygwin\jdk8u31\2394\hotspot\src\share\vm\prims\jvm.cpp, line 1312]
Event: 3.248 Thread 0x000000001b9d3800 Exception <a 'java/security/PrivilegedActionException'> (0x00000000d65ba1b0) thrown at [C:\workspace\8-2-build-windows-amd64-cygwin\jdk8u31\2394\hotspot\src\share\vm\prims\jvm.cpp, line 1312]
Event: 3.248 Thread 0x000000001b9d3800 Exception <a 'java/security/PrivilegedActionException'> (0x00000000d65bfbb8) thrown at [C:\workspace\8-2-build-windows-amd64-cygwin\jdk8u31\2394\hotspot\src\share\vm\prims\jvm.cpp, line 1312]
Event: 3.248 Thread 0x000000001b9d3800 Exception <a 'java/security/PrivilegedActionException'> (0x00000000d65c0d80) thrown at [C:\workspace\8-2-build-windows-amd64-cygwin\jdk8u31\2394\hotspot\src\share\vm\prims\jvm.cpp, line 1312]

Events (10 events):
Event: 3.245 loading class org/gradle/api/internal/file/DefaultProjectLayout
Event: 3.245 loading class org/gradle/api/internal/file/DefaultProjectLayout done
Event: 3.245 loading class org/gradle/api/internal/file/TaskFileVarFactory
Event: 3.245 loading class org/gradle/api/internal/file/TaskFileVarFactory done
Event: 3.247 loading class org/gradle/api/component/SoftwareComponentContainer
Event: 3.247 loading class org/gradle/api/component/SoftwareComponentContainer done
Event: 3.247 loading class org/gradle/configuration/project/ProjectConfigurationActionContainer
Event: 3.247 loading class org/gradle/configuration/project/ProjectConfigurationActionContainer done
Event: 3.248 loading class org/gradle/api/internal/project/DeferredProjectConfiguration
Event: 3.248 loading class org/gradle/api/internal/project/DeferredProjectConfiguration done


Dynamic libraries:
0x00007ff785ef0000 - 0x00007ff785f24000 	C:\Program Files\Java\jdk1.8.0_31\bin\java.exe
0x00007fffc15e0000 - 0x00007fffc17c1000 	C:\WINDOWS\SYSTEM32\ntdll.dll
0x00007fffbe9c0000 - 0x00007fffbea71000 	C:\WINDOWS\System32\KERNEL32.DLL
0x00007fffbd6a0000 - 0x00007fffbd913000 	C:\WINDOWS\System32\KERNELBASE.dll
0x00007fffbe910000 - 0x00007fffbe9b1000 	C:\WINDOWS\System32\ADVAPI32.dll
0x00007fffbf270000 - 0x00007fffbf30e000 	C:\WINDOWS\System32\msvcrt.dll
0x00007fffbe8b0000 - 0x00007fffbe90b000 	C:\WINDOWS\System32\sechost.dll
0x00007fffc08e0000 - 0x00007fffc0a04000 	C:\WINDOWS\System32\RPCRT4.dll
0x00007fffbf050000 - 0x00007fffbf1e0000 	C:\WINDOWS\System32\USER32.dll
0x00007fffbde80000 - 0x00007fffbdea0000 	C:\WINDOWS\System32\win32u.dll
0x00007fffc1060000 - 0x00007fffc1088000 	C:\WINDOWS\System32\GDI32.dll
0x00007fffbdb90000 - 0x00007fffbdd21000 	C:\WINDOWS\System32\gdi32full.dll
0x00007fffbdf00000 - 0x00007fffbdf9f000 	C:\WINDOWS\System32\msvcp_win.dll
0x00007fffbd920000 - 0x00007fffbda18000 	C:\WINDOWS\System32\ucrtbase.dll
0x00007fffb3c70000 - 0x00007fffb3ed9000 	C:\WINDOWS\WinSxS\amd64_microsoft.windows.common-controls_6595b64144ccf1df_6.0.17134.1304_none_d3fbe61b7c93d9f0\COMCTL32.dll
0x00007fffc1090000 - 0x00007fffc13b1000 	C:\WINDOWS\System32\combase.dll
0x00007fffbdd80000 - 0x00007fffbddf9000 	C:\WINDOWS\System32\bcryptPrimitives.dll
0x00007fffc0f20000 - 0x00007fffc0f4d000 	C:\WINDOWS\System32\IMM32.DLL
0x0000000068210000 - 0x00000000682e2000 	C:\Program Files\Java\jdk1.8.0_31\jre\bin\msvcr100.dll
0x0000000066b80000 - 0x00000000673da000 	C:\Program Files\Java\jdk1.8.0_31\jre\bin\server\jvm.dll
0x00007fffbde50000 - 0x00007fffbde73000 	C:\WINDOWS\System32\WINMM.dll
0x00007fffbd600000 - 0x00007fffbd62a000 	C:\WINDOWS\System32\WINMMBASE.dll
0x00007fffbde00000 - 0x00007fffbde49000 	C:\WINDOWS\System32\cfgmgr32.dll
0x00007fffbed50000 - 0x00007fffbed58000 	C:\WINDOWS\System32\PSAPI.DLL
0x00007fffb3290000 - 0x00007fffb3299000 	C:\WINDOWS\SYSTEM32\WSOCK32.dll
0x00007fffc1540000 - 0x00007fffc15ac000 	C:\WINDOWS\System32\WS2_32.dll
0x0000000068200000 - 0x000000006820f000 	C:\Program Files\Java\jdk1.8.0_31\jre\bin\verify.dll
0x00000000681d0000 - 0x00000000681f8000 	C:\Program Files\Java\jdk1.8.0_31\jre\bin\java.dll
0x00000000681b0000 - 0x00000000681c6000 	C:\Program Files\Java\jdk1.8.0_31\jre\bin\zip.dll
0x00007fffbf330000 - 0x00007fffc0775000 	C:\WINDOWS\System32\SHELL32.dll
0x00007fffc13d0000 - 0x00007fffc1479000 	C:\WINDOWS\System32\shcore.dll
0x00007fffbe1a0000 - 0x00007fffbe8b0000 	C:\WINDOWS\System32\windows.storage.dll
0x00007fffc14e0000 - 0x00007fffc1531000 	C:\WINDOWS\System32\shlwapi.dll
0x00007fffbd660000 - 0x00007fffbd671000 	C:\WINDOWS\System32\kernel.appcore.dll
0x00007fffbd680000 - 0x00007fffbd69f000 	C:\WINDOWS\System32\profapi.dll
0x00007fffbdd30000 - 0x00007fffbdd7c000 	C:\WINDOWS\System32\powrprof.dll
0x00007fffbd650000 - 0x00007fffbd65a000 	C:\WINDOWS\System32\FLTLIB.DLL
0x0000000068190000 - 0x00000000681aa000 	C:\Program Files\Java\jdk1.8.0_31\jre\bin\net.dll
0x00007fffbce60000 - 0x00007fffbcec6000 	C:\WINDOWS\system32\mswsock.dll
0x0000000068170000 - 0x0000000068181000 	C:\Program Files\Java\jdk1.8.0_31\jre\bin\nio.dll
0x00007fffa8300000 - 0x00007fffa831e000 	C:\Users\Administrator\.gradle\native\25\windows-amd64\native-platform.dll
0x0000000068160000 - 0x000000006816d000 	C:\Program Files\Java\jdk1.8.0_31\jre\bin\management.dll
0x00007fffbd010000 - 0x00007fffbd027000 	C:\WINDOWS\SYSTEM32\CRYPTSP.dll
0x00007fffbca10000 - 0x00007fffbca43000 	C:\WINDOWS\system32\rsaenh.dll
0x00007fffbd140000 - 0x00007fffbd165000 	C:\WINDOWS\SYSTEM32\bcrypt.dll
0x00007fffbd500000 - 0x00007fffbd528000 	C:\WINDOWS\SYSTEM32\USERENV.dll
0x00007fffbd030000 - 0x00007fffbd03b000 	C:\WINDOWS\SYSTEM32\CRYPTBASE.dll
0x00007fffbcbb0000 - 0x00007fffbcbe8000 	C:\WINDOWS\SYSTEM32\IPHLPAPI.DLL
0x00007fffc13c0000 - 0x00007fffc13c8000 	C:\WINDOWS\System32\NSI.dll
0x00007fffb7de0000 - 0x00007fffb7df6000 	C:\WINDOWS\SYSTEM32\dhcpcsvc6.DLL
0x00007fffb7dc0000 - 0x00007fffb7dda000 	C:\WINDOWS\SYSTEM32\dhcpcsvc.DLL
0x00007fffac400000 - 0x00007fffac5c9000 	C:\WINDOWS\SYSTEM32\dbghelp.dll

VM Arguments:
jvm_args: -XX:MaxPermSize=512m -XX:+HeapDumpOnOutOfMemoryError -Xmx2048m -Dfile.encoding=UTF-8 -Duser.country=CN -Duser.language=zh -Duser.variant 
java_command: org.gradle.launcher.daemon.bootstrap.GradleDaemon 4.4
java_class_path (initial): C:\Users\Administrator\.gradle\wrapper\dists\gradle-4.4-all\9br9xq1tocpiv8o6njlyu5op1\gradle-4.4\lib\gradle-launcher-4.4.jar
Launcher Type: SUN_STANDARD

Environment Variables:
JAVA_HOME=C:\Program Files\Java\jdk1.8.0_31
CLASSPATH=.;C:\Program Files\Java\jdk1.8.0_31\lib\dt.jar;C:\Program Files\Java\jdk1.8.0_31\lib\tools.jar
PATH=C:\ProgramData\Oracle\Java\javapath;C:\WINDOWS\system32;C:\WINDOWS;C:\WINDOWS\System32\Wbem;C:\WINDOWS\System32\WindowsPowerShell\v1.0\;C:\Program Files\Java\jdk1.8.0_31\bin;D:\Developers\TortoiseSVN\bin;D:\Developers\MySql\mysql-5.7.11-winx64\bin;D:\Developers\Ecplise_JavaEE\apache-ant-1.9.7/bin;D:\Developers\Ecplise_JavaEE\apache-maven-3.3.9/bin;D:\Developers\AndroidSDK\android_sdk\platform-tools;C:\Program Files\Java\jdk1.8.0_31\jre\bin;C:\Users\Administrator\.gradle\wrapper\dists\gradle-3.4.1-all\c3ib5obfnqr0no9szq6qc17do\gradle-3.4.1/bin;C:\WINDOWS\System32\OpenSSH\;D:\Developers\TortoiseGit\bin;C:\Program Files (x86)\NVIDIA Corporation\PhysX\Common;C:\Program Files\NVIDIA Corporation\NVIDIA NvDLISR;D:\Developers\python\Scripts\;D:\Developers\python\;C:\Users\Administrator\AppData\Local\Microsoft\WindowsApps;C:\Users\Administrator\AppData\Local\BypassRuntm
USERNAME=Administrator
OS=Windows_NT
PROCESSOR_IDENTIFIER=Intel64 Family 6 Model 94 Stepping 3, GenuineIntel



---------------  S Y S T E M  ---------------

OS: Windows 8.1 , 64 bit Build 9600 

CPU:total 8 (4 cores per cpu, 2 threads per core) family 6 model 94 stepping 3, cmov, cx8, fxsr, mmx, sse, sse2, sse3, ssse3, sse4.1, sse4.2, popcnt, avx, avx2, aes, clmul, erms, rtm, lzcnt, ht, tsc, tscinvbit, bmi1, bmi2

Memory: 4k page, physical 8307124k(2167588k free), swap 12501428k(5892k free)

vm_info: Java HotSpot(TM) 64-Bit Server VM (25.31-b07) for windows-amd64 JRE (1.8.0_31-b13), built on Dec 17 2014 21:00:28 by "java_re" with MS VC++ 10.0 (VS2010)

time: Sat Mar 07 22:44:33 2020
elapsed time: 3 seconds (0d 0h 0m 3s)

